[INFO] Scanning for projects...
[INFO] 
[INFO] -----------------------< nl.quad:trivia-backend >-----------------------
[INFO] Building trivia-backend 0.0.1-SNAPSHOT
[INFO]   from pom.xml
[INFO] --------------------------------[ jar ]---------------------------------
[INFO] 
[INFO] --- resources:3.3.1:resources (default-resources) @ trivia-backend ---
[INFO] Copying 1 resource from src\main\resources to target\classes
[INFO] Copying 0 resource from src\main\resources to target\classes
[INFO] 
[INFO] --- compiler:3.14.1:compile (default-compile) @ trivia-backend ---
[INFO] Recompiling the module because of added or removed source files.
[INFO] Compiling 10 source files with javac [debug parameters release 21] to target\classes
.\mvnw.cmd : WARNING: A terminally deprecated method in s
un.misc.Unsafe has been called
At line:1 char:1
+ .\mvnw.cmd test 2>&1 | Out-File -FilePath test-output.t
xt -Encoding u ...
+ ~~~~~~~~~~~~~~~~~~~~
    + CategoryInfo          : NotSpecified: (WARNING: A  
   term...has been called:String) [], RemoteException
    + FullyQualifiedErrorId : NativeCommandError
 
WARNING: sun.misc.Unsafe::objectFieldOffset has been call
ed by lombok.permit.Permit
WARNING: Please consider reporting this to the maintainer
s of class lombok.permit.Permit
WARNING: sun.misc.Unsafe::objectFieldOffset will be remov
ed in a future release
[INFO] 
[INFO] --- resources:3.3.1:testResources (default-testResources) @ trivia-backend ---
[INFO] skip non existing resourceDirectory C:\Users\KhaibarKarimi\Desktop\MyWork\QuadAssignment\trivia-backend\src\test\resources
[INFO] 
[INFO] --- compiler:3.14.1:testCompile (default-testCompile) @ trivia-backend ---
[INFO] Recompiling the module because of changed dependency.
[INFO] Compiling 3 source files with javac [debug parameters release 21] to target\test-classes
[INFO] 
[INFO] --- surefire:3.5.4:test (default-test) @ trivia-backend ---
[INFO] Using auto detected provider org.apache.maven.surefire.junitplatform.JUnitPlatformProvider
[INFO] 
[INFO] -------------------------------------------------------
[INFO]  T E S T S
[INFO] -------------------------------------------------------
[INFO] Running nl.quad.trivia.controller.TriviaControllerTest
Mockito is currently self-attaching to enable the inline-
mock-maker. This will no longer work in future releases o
f the JDK. Please add Mockito as an agent to your build a
s described in Mockito's documentation: https://javadoc.i
o/doc/org.mockito/mockito-core/latest/org.mockito/org/moc
kito/Mockito.html#0.3
WARNING: A Java agent has been loaded dynamically (C:\Use
rs\KhaibarKarimi\.m2\repository\net\bytebuddy\byte-buddy-
agent\1.17.8\byte-buddy-agent-1.17.8.jar)
WARNING: If a serviceability tool is in use, please run w
ith -XX:+EnableDynamicAgentLoading to hide this warning
WARNING: If a serviceability tool is not in use, please r
un with -Djdk.instrument.traceUsage for more information
WARNING: Dynamic loading of agents will be disallowed by 
default in a future release
OpenJDK 64-Bit Server VM warning: Sharing is only support
ed for boot loader classes because bootstrap classpath ha
s been appended
[INFO] Tests run: 3, Failures: 0, Errors: 0, Skipped: 0, Time elapsed: 0.655 s -- in nl.quad.trivia.controller.TriviaControllerTest
[INFO] Running nl.quad.trivia.service.QuestionServiceTest
[INFO] Tests run: 4, Failures: 0, Errors: 0, Skipped: 0, Time elapsed: 0.055 s -- in nl.quad.trivia.service.QuestionServiceTest
[INFO] Running nl.quad.trivia.TriviaBackendApplicationTests
22:17:13.490 [main] INFO org.springframework.test.context.support.AnnotationConfigContextLoaderUtils -- Could not detect default configuration classes for test class [nl.quad.trivia.TriviaBackendApplicationTests]: TriviaBackendApplicationTests does not declare any static, non-private, non-final, nested classes annotated with @Configuration.
22:17:13.598 [main] INFO org.springframework.boot.test.context.SpringBootTestContextBootstrapper -- Found @SpringBootConfiguration nl.quad.trivia.TriviaBackendApplication for test class nl.quad.trivia.TriviaBackendApplicationTests

  .   ____          _            __ _ _
 /\\ / ___'_ __ _ _(_)_ __  __ _ \ \ \ \
( ( )\___ | '_ | '_| | '_ \/ _` | \ \ \ \
 \\/  ___)| |_)| | | | | || (_| |  ) ) ) )
  '  |____| .__|_| |_|_| |_\__, | / / / /
 =========|_|==============|___/=/_/_/_/

 :: Spring Boot ::                (v4.0.1)

2026-01-15T22:17:13.947+01:00  INFO 24588 --- [trivia-backend] [           main] n.q.t.TriviaBackendApplicationTests      : Starting TriviaBackendApplicationTests using Java 24.0.2 with PID 24588 (started by KhaibarKarimi in C:\Users\KhaibarKarimi\Desktop\MyWork\QuadAssignment\trivia-backend)
2026-01-15T22:17:13.949+01:00  INFO 24588 --- [trivia-backend] [           main] n.q.t.TriviaBackendApplicationTests      : No active profile set, falling back to 1 default profile: "default"
WARNING: A terminally deprecated method in sun.misc.Unsaf
e has been called
WARNING: sun.misc.Unsafe::allocateMemory has been called 
by io.netty.util.internal.PlatformDependent0$2 (file:/C:/
Users/KhaibarKarimi/.m2/repository/io/netty/netty-common/
4.2.9.Final/netty-common-4.2.9.Final.jar)
WARNING: Please consider reporting this to the maintainer
s of class io.netty.util.internal.PlatformDependent0$2
WARNING: sun.misc.Unsafe::allocateMemory will be removed 
in a future release
2026-01-15T22:17:15.066+01:00  INFO 24588 --- [trivia-backend] [           main] n.q.t.TriviaBackendApplicationTests      : Started TriviaBackendApplicationTests in 1.302 seconds (process running for 2.971)
[INFO] Tests run: 1, Failures: 0, Errors: 0, Skipped: 0, Time elapsed: 1.704 s -- in nl.quad.trivia.TriviaBackendApplicationTests
[INFO] 
[INFO] Results:
[INFO] 
[INFO] Tests run: 8, Failures: 0, Errors: 0, Skipped: 0
[INFO] 
[INFO] ------------------------------------------------------------------------
[INFO] BUILD SUCCESS
[INFO] ------------------------------------------------------------------------
[INFO] Total time:  5.997 s
[INFO] Finished at: 2026-01-15T22:17:15+01:00
[INFO] ------------------------------------------------------------------------
